Command line:
   OR_gate_tb_isim_beh.exe
     -simmode  gui
     -simrunnum  0
     -socket  53946

Fri Oct 29 00:27:53 2021


 Elaboration Time: 0.03125 sec

 Current Memory Usage: 5150.03 Meg

 Total Signals          : 6
 Total Nets             : 3
 Total Signal Drivers   : 3
 Total Blocks           : 3
 Total Primitive Blocks : 2
 Total Processes        : 2
 Total Traceable Variables  : 8
 Total Scalar Nets and Variables : 363
Total Line Count : 10
Total Line Count : 10

 Total Simulation Time: 0.03125 sec

 Current Memory Usage: 4992.75 Meg

Fri Oct 29 00:29:26 2021

