Command line:
   OR_gate_isim_beh.exe
     -simmode  gui
     -simrunnum  0
     -socket  53935

Fri Oct 29 00:27:03 2021


 Elaboration Time: 0.03125 sec

 Current Memory Usage: 5150 Meg

 Total Signals          : 3
 Total Nets             : 3
 Total Signal Drivers   : 1
 Total Blocks           : 2
 Total Primitive Blocks : 2
 Total Processes        : 1
 Total Traceable Variables  : 8
 Total Scalar Nets and Variables : 363
Total Line Count : 1

 Total Simulation Time: 0.046875 sec

 Current Memory Usage: 5150 Meg

Fri Oct 29 00:27:16 2021

